<?xml version="1.0" encoding="UTF-8"?>
<testsuite name="com.project.demo.rest.game.GameRestControllerTest" tests="2" skipped="0" failures="0" errors="0" timestamp="2025-10-09T03:31:52" hostname="PT-RQUIROS-LAP" time="1.765">
  <properties/>
  <testcase name="testAddGame()" classname="com.project.demo.rest.game.GameRestControllerTest" time="1.716"/>
  <testcase name="testGetAllGames()" classname="com.project.demo.rest.game.GameRestControllerTest" time="0.047"/>
  <system-out><![CDATA[2025-10-08T21:31:53.355-06:00  INFO 2184 --- [    Test worker] o.s.mock.web.MockServletContext          : Initializing Spring TestDispatcherServlet ''
2025-10-08T21:31:53.355-06:00  INFO 2184 --- [    Test worker] o.s.t.web.servlet.TestDispatcherServlet  : Initializing Servlet ''
2025-10-08T21:31:53.355-06:00  INFO 2184 --- [    Test worker] o.s.t.web.servlet.TestDispatcherServlet  : Completed initialization in 0 ms
2025-10-08T21:31:54.278-06:00  INFO 2184 --- [    Test worker] o.s.mock.web.MockServletContext          : Initializing Spring TestDispatcherServlet ''
2025-10-08T21:31:54.279-06:00  INFO 2184 --- [    Test worker] o.s.t.web.servlet.TestDispatcherServlet  : Initializing Servlet ''
2025-10-08T21:31:54.280-06:00  INFO 2184 --- [    Test worker] o.s.t.web.servlet.TestDispatcherServlet  : Completed initialization in 0 ms
]]></system-out>
  <system-err><![CDATA[]]></system-err>
</testsuite>
